# Monitoring run started: 2026-05-21 03:17:01.814186
[2017-04-24] | Mine 502 | LEVEL 1 | CANDIDATE INTRUSION
Early warning: suspected excavation inside no-go zone.
Affected area: 2500.0 m²

[2017-05-14] | Mine 502 | LEVEL 1 | CANDIDATE INTRUSION
Early warning: suspected excavation inside no-go zone.
Affected area: 200.0 m²

[2018-01-14] | Mine 502 | LEVEL 1 | CANDIDATE INTRUSION
Early warning: suspected excavation inside no-go zone.
Affected area: 300.0 m²

[2018-01-24] | Mine 502 | LEVEL 1 | CANDIDATE INTRUSION
Early warning: suspected excavation inside no-go zone.
Affected area: 500.0 m²

[2018-02-03] | Mine 502 | LEVEL 1 | CANDIDATE INTRUSION
Early warning: suspected excavation inside no-go zone.
Affected area: 400.0 m²

[2018-02-23] | Mine 502 | LEVEL 2 | CONFIRMED VIOLATION
Sustained excavation detected inside no-go zone.
Affected area: 200.0 m²

[2018-03-10] | Mine 502 | LEVEL 1 | CANDIDATE INTRUSION
Early warning: suspected excavation inside no-go zone.
Affected area: 300.0 m²

[2018-03-30] | Mine 502 | LEVEL 2 | CONFIRMED VIOLATION
Sustained excavation detected inside no-go zone.
Affected area: 100.0 m²

[2018-04-19] | Mine 502 | LEVEL 1 | CANDIDATE INTRUSION
Early warning: suspected excavation inside no-go zone.
Affected area: 800.0 m²

[2018-11-15] | Mine 502 | LEVEL 1 | CANDIDATE INTRUSION
Early warning: suspected excavation inside no-go zone.
Affected area: 100.0 m²

[2018-12-15] | Mine 502 | LEVEL 1 | CANDIDATE INTRUSION
Early warning: suspected excavation inside no-go zone.
Affected area: 400.0 m²

[2018-12-25] | Mine 502 | LEVEL 1 | CANDIDATE INTRUSION
Early warning: suspected excavation inside no-go zone.
Affected area: 400.0 m²

[2018-12-25] | Mine 502 | LEVEL 2 | CONFIRMED VIOLATION
Sustained excavation detected inside no-go zone.
Affected area: 100.0 m²

[2019-01-09] | Mine 502 | LEVEL 1 | CANDIDATE INTRUSION
Early warning: suspected excavation inside no-go zone.
Affected area: 300.0 m²

[2019-05-09] | Mine 502 | LEVEL 1 | CANDIDATE INTRUSION
Early warning: suspected excavation inside no-go zone.
Affected area: 1000.0 m²

[2019-05-14] | Mine 502 | LEVEL 1 | CANDIDATE INTRUSION
Early warning: suspected excavation inside no-go zone.
Affected area: 500.0 m²

[2019-05-19] | Mine 502 | LEVEL 1 | CANDIDATE INTRUSION
Early warning: suspected excavation inside no-go zone.
Affected area: 2600.0 m²

[2019-05-29] | Mine 502 | LEVEL 1 | CANDIDATE INTRUSION
Early warning: suspected excavation inside no-go zone.
Affected area: 1200.0 m²

[2019-06-08] | Mine 502 | LEVEL 1 | CANDIDATE INTRUSION
Early warning: suspected excavation inside no-go zone.
Affected area: 3400.0 m²

[2019-06-18] | Mine 502 | LEVEL 1 | CANDIDATE INTRUSION
Early warning: suspected excavation inside no-go zone.
Affected area: 17400.0 m²

[2019-07-03] | Mine 502 | LEVEL 1 | CANDIDATE INTRUSION
Early warning: suspected excavation inside no-go zone.
Affected area: 14100.0 m²

[2019-07-08] | Mine 502 | LEVEL 1 | CANDIDATE INTRUSION
Early warning: suspected excavation inside no-go zone.
Affected area: 8700.0 m²

[2019-07-23] | Mine 502 | LEVEL 1 | CANDIDATE INTRUSION
Early warning: suspected excavation inside no-go zone.
Affected area: 1500.0 m²

[2019-07-28] | Mine 502 | LEVEL 1 | CANDIDATE INTRUSION
Early warning: suspected excavation inside no-go zone.
Affected area: 1700.0 m²

[2019-08-02] | Mine 502 | LEVEL 1 | CANDIDATE INTRUSION
Early warning: suspected excavation inside no-go zone.
Affected area: 6800.0 m²

[2019-08-12] | Mine 502 | LEVEL 1 | CANDIDATE INTRUSION
Early warning: suspected excavation inside no-go zone.
Affected area: 100.0 m²

[2019-09-26] | Mine 502 | LEVEL 1 | CANDIDATE INTRUSION
Early warning: suspected excavation inside no-go zone.
Affected area: 2700.0 m²

[2019-12-15] | Mine 502 | LEVEL 1 | CANDIDATE INTRUSION
Early warning: suspected excavation inside no-go zone.
Affected area: 400.0 m²

[2019-12-20] | Mine 502 | LEVEL 1 | CANDIDATE INTRUSION
Early warning: suspected excavation inside no-go zone.
Affected area: 700.0 m²

[2020-01-29] | Mine 502 | LEVEL 1 | CANDIDATE INTRUSION
Early warning: suspected excavation inside no-go zone.
Affected area: 3200.0 m²

[2020-03-09] | Mine 502 | LEVEL 1 | CANDIDATE INTRUSION
Early warning: suspected excavation inside no-go zone.
Affected area: 1500.0 m²

[2020-03-19] | Mine 502 | LEVEL 1 | CANDIDATE INTRUSION
Early warning: suspected excavation inside no-go zone.
Affected area: 100.0 m²

[2020-03-24] | Mine 502 | LEVEL 1 | CANDIDATE INTRUSION
Early warning: suspected excavation inside no-go zone.
Affected area: 300.0 m²

[2020-04-03] | Mine 502 | LEVEL 1 | CANDIDATE INTRUSION
Early warning: suspected excavation inside no-go zone.
Affected area: 2000.0 m²

[2020-04-13] | Mine 502 | LEVEL 1 | CANDIDATE INTRUSION
Early warning: suspected excavation inside no-go zone.
Affected area: 600.0 m²

[2020-04-18] | Mine 502 | LEVEL 1 | CANDIDATE INTRUSION
Early warning: suspected excavation inside no-go zone.
Affected area: 17300.0 m²

[2020-04-28] | Mine 502 | LEVEL 1 | CANDIDATE INTRUSION
Early warning: suspected excavation inside no-go zone.
Affected area: 3600.0 m²

[2020-05-03] | Mine 502 | LEVEL 1 | CANDIDATE INTRUSION
Early warning: suspected excavation inside no-go zone.
Affected area: 500.0 m²

[2020-05-08] | Mine 502 | LEVEL 1 | CANDIDATE INTRUSION
Early warning: suspected excavation inside no-go zone.
Affected area: 1300.0 m²

[2020-05-13] | Mine 502 | LEVEL 1 | CANDIDATE INTRUSION
Early warning: suspected excavation inside no-go zone.
Affected area: 2500.0 m²

[2020-05-23] | Mine 502 | LEVEL 1 | CANDIDATE INTRUSION
Early warning: suspected excavation inside no-go zone.
Affected area: 2200.0 m²

[2020-05-28] | Mine 502 | LEVEL 1 | CANDIDATE INTRUSION
Early warning: suspected excavation inside no-go zone.
Affected area: 200.0 m²

[2020-06-02] | Mine 502 | LEVEL 1 | CANDIDATE INTRUSION
Early warning: suspected excavation inside no-go zone.
Affected area: 10000.0 m²

[2020-06-07] | Mine 502 | LEVEL 1 | CANDIDATE INTRUSION
Early warning: suspected excavation inside no-go zone.
Affected area: 5800.0 m²

[2020-06-22] | Mine 502 | LEVEL 1 | CANDIDATE INTRUSION
Early warning: suspected excavation inside no-go zone.
Affected area: 4300.0 m²

[2020-06-27] | Mine 502 | LEVEL 1 | CANDIDATE INTRUSION
Early warning: suspected excavation inside no-go zone.
Affected area: 11200.0 m²

[2020-07-02] | Mine 502 | LEVEL 1 | CANDIDATE INTRUSION
Early warning: suspected excavation inside no-go zone.
Affected area: 1300.0 m²

[2020-07-22] | Mine 502 | LEVEL 1 | CANDIDATE INTRUSION
Early warning: suspected excavation inside no-go zone.
Affected area: 8500.0 m²

[2020-07-27] | Mine 502 | LEVEL 1 | CANDIDATE INTRUSION
Early warning: suspected excavation inside no-go zone.
Affected area: 400.0 m²

[2020-08-01] | Mine 502 | LEVEL 1 | CANDIDATE INTRUSION
Early warning: suspected excavation inside no-go zone.
Affected area: 4400.0 m²

[2020-08-06] | Mine 502 | LEVEL 1 | CANDIDATE INTRUSION
Early warning: suspected excavation inside no-go zone.
Affected area: 1200.0 m²

[2020-10-15] | Mine 502 | LEVEL 1 | CANDIDATE INTRUSION
Early warning: suspected excavation inside no-go zone.
Affected area: 400.0 m²

[2020-10-25] | Mine 502 | LEVEL 1 | CANDIDATE INTRUSION
Early warning: suspected excavation inside no-go zone.
Affected area: 300.0 m²

[2020-10-30] | Mine 502 | LEVEL 1 | CANDIDATE INTRUSION
Early warning: suspected excavation inside no-go zone.
Affected area: 200.0 m²

[2020-11-04] | Mine 502 | LEVEL 1 | CANDIDATE INTRUSION
Early warning: suspected excavation inside no-go zone.
Affected area: 300.0 m²

[2020-11-09] | Mine 502 | LEVEL 1 | CANDIDATE INTRUSION
Early warning: suspected excavation inside no-go zone.
Affected area: 200.0 m²

[2020-11-14] | Mine 502 | LEVEL 1 | CANDIDATE INTRUSION
Early warning: suspected excavation inside no-go zone.
Affected area: 600.0 m²

[2020-11-24] | Mine 502 | LEVEL 1 | CANDIDATE INTRUSION
Early warning: suspected excavation inside no-go zone.
Affected area: 900.0 m²

[2020-11-29] | Mine 502 | LEVEL 1 | CANDIDATE INTRUSION
Early warning: suspected excavation inside no-go zone.
Affected area: 400.0 m²

[2020-12-09] | Mine 502 | LEVEL 2 | CONFIRMED VIOLATION
Sustained excavation detected inside no-go zone.
Affected area: 100.0 m²

[2020-12-14] | Mine 502 | LEVEL 1 | CANDIDATE INTRUSION
Early warning: suspected excavation inside no-go zone.
Affected area: 300.0 m²

[2020-12-19] | Mine 502 | LEVEL 1 | CANDIDATE INTRUSION
Early warning: suspected excavation inside no-go zone.
Affected area: 1200.0 m²

[2020-12-24] | Mine 502 | LEVEL 1 | CANDIDATE INTRUSION
Early warning: suspected excavation inside no-go zone.
Affected area: 400.0 m²

[2020-12-24] | Mine 502 | LEVEL 2 | CONFIRMED VIOLATION
Sustained excavation detected inside no-go zone.
Affected area: 100.0 m²

[2021-01-08] | Mine 502 | LEVEL 1 | CANDIDATE INTRUSION
Early warning: suspected excavation inside no-go zone.
Affected area: 1100.0 m²

[2021-01-28] | Mine 502 | LEVEL 1 | CANDIDATE INTRUSION
Early warning: suspected excavation inside no-go zone.
Affected area: 900.0 m²

[2021-02-07] | Mine 502 | LEVEL 1 | CANDIDATE INTRUSION
Early warning: suspected excavation inside no-go zone.
Affected area: 800.0 m²

[2021-02-17] | Mine 502 | LEVEL 1 | CANDIDATE INTRUSION
Early warning: suspected excavation inside no-go zone.
Affected area: 1100.0 m²

[2021-02-22] | Mine 502 | LEVEL 1 | CANDIDATE INTRUSION
Early warning: suspected excavation inside no-go zone.
Affected area: 800.0 m²

[2021-02-22] | Mine 502 | LEVEL 2 | CONFIRMED VIOLATION
Sustained excavation detected inside no-go zone.
Affected area: 100.0 m²

[2021-02-27] | Mine 502 | LEVEL 1 | CANDIDATE INTRUSION
Early warning: suspected excavation inside no-go zone.
Affected area: 700.0 m²

[2021-03-04] | Mine 502 | LEVEL 1 | CANDIDATE INTRUSION
Early warning: suspected excavation inside no-go zone.
Affected area: 500.0 m²

[2021-03-09] | Mine 502 | LEVEL 1 | CANDIDATE INTRUSION
Early warning: suspected excavation inside no-go zone.
Affected area: 1700.0 m²

[2021-03-24] | Mine 502 | LEVEL 1 | CANDIDATE INTRUSION
Early warning: suspected excavation inside no-go zone.
Affected area: 4100.0 m²

[2021-03-29] | Mine 502 | LEVEL 1 | CANDIDATE INTRUSION
Early warning: suspected excavation inside no-go zone.
Affected area: 1000.0 m²

[2021-04-03] | Mine 502 | LEVEL 1 | CANDIDATE INTRUSION
Early warning: suspected excavation inside no-go zone.
Affected area: 1300.0 m²

[2021-04-13] | Mine 502 | LEVEL 1 | CANDIDATE INTRUSION
Early warning: suspected excavation inside no-go zone.
Affected area: 400.0 m²

[2021-04-18] | Mine 502 | LEVEL 1 | CANDIDATE INTRUSION
Early warning: suspected excavation inside no-go zone.
Affected area: 3000.0 m²

[2021-05-03] | Mine 502 | LEVEL 1 | CANDIDATE INTRUSION
Early warning: suspected excavation inside no-go zone.
Affected area: 6600.0 m²

[2021-05-13] | Mine 502 | LEVEL 1 | CANDIDATE INTRUSION
Early warning: suspected excavation inside no-go zone.
Affected area: 1400.0 m²

[2021-05-18] | Mine 502 | LEVEL 1 | CANDIDATE INTRUSION
Early warning: suspected excavation inside no-go zone.
Affected area: 6200.0 m²

[2021-05-23] | Mine 502 | LEVEL 1 | CANDIDATE INTRUSION
Early warning: suspected excavation inside no-go zone.
Affected area: 2500.0 m²

[2021-05-28] | Mine 502 | LEVEL 1 | CANDIDATE INTRUSION
Early warning: suspected excavation inside no-go zone.
Affected area: 600.0 m²

[2021-06-02] | Mine 502 | LEVEL 1 | CANDIDATE INTRUSION
Early warning: suspected excavation inside no-go zone.
Affected area: 4100.0 m²

[2021-06-22] | Mine 502 | LEVEL 1 | CANDIDATE INTRUSION
Early warning: suspected excavation inside no-go zone.
Affected area: 4100.0 m²

[2021-07-02] | Mine 502 | LEVEL 1 | CANDIDATE INTRUSION
Early warning: suspected excavation inside no-go zone.
Affected area: 200.0 m²

[2021-07-12] | Mine 502 | LEVEL 1 | CANDIDATE INTRUSION
Early warning: suspected excavation inside no-go zone.
Affected area: 4200.0 m²

[2021-07-17] | Mine 502 | LEVEL 1 | CANDIDATE INTRUSION
Early warning: suspected excavation inside no-go zone.
Affected area: 1700.0 m²

[2021-07-22] | Mine 502 | LEVEL 1 | CANDIDATE INTRUSION
Early warning: suspected excavation inside no-go zone.
Affected area: 1500.0 m²

[2021-07-27] | Mine 502 | LEVEL 1 | CANDIDATE INTRUSION
Early warning: suspected excavation inside no-go zone.
Affected area: 7500.0 m²

[2021-08-11] | Mine 502 | LEVEL 1 | CANDIDATE INTRUSION
Early warning: suspected excavation inside no-go zone.
Affected area: 500.0 m²

[2021-08-31] | Mine 502 | LEVEL 1 | CANDIDATE INTRUSION
Early warning: suspected excavation inside no-go zone.
Affected area: 200.0 m²

[2021-09-15] | Mine 502 | LEVEL 1 | CANDIDATE INTRUSION
Early warning: suspected excavation inside no-go zone.
Affected area: 400.0 m²

[2021-09-30] | Mine 502 | LEVEL 1 | CANDIDATE INTRUSION
Early warning: suspected excavation inside no-go zone.
Affected area: 200.0 m²

[2021-10-10] | Mine 502 | LEVEL 1 | CANDIDATE INTRUSION
Early warning: suspected excavation inside no-go zone.
Affected area: 100.0 m²

[2021-10-25] | Mine 502 | LEVEL 1 | CANDIDATE INTRUSION
Early warning: suspected excavation inside no-go zone.
Affected area: 200.0 m²

[2021-11-04] | Mine 502 | LEVEL 1 | CANDIDATE INTRUSION
Early warning: suspected excavation inside no-go zone.
Affected area: 300.0 m²

[2021-11-14] | Mine 502 | LEVEL 1 | CANDIDATE INTRUSION
Early warning: suspected excavation inside no-go zone.
Affected area: 400.0 m²

[2021-11-24] | Mine 502 | LEVEL 1 | CANDIDATE INTRUSION
Early warning: suspected excavation inside no-go zone.
Affected area: 700.0 m²

[2021-11-29] | Mine 502 | LEVEL 1 | CANDIDATE INTRUSION
Early warning: suspected excavation inside no-go zone.
Affected area: 400.0 m²

[2021-12-04] | Mine 502 | LEVEL 1 | CANDIDATE INTRUSION
Early warning: suspected excavation inside no-go zone.
Affected area: 1200.0 m²

[2021-12-19] | Mine 502 | LEVEL 1 | CANDIDATE INTRUSION
Early warning: suspected excavation inside no-go zone.
Affected area: 2500.0 m²

[2021-12-24] | Mine 502 | LEVEL 1 | CANDIDATE INTRUSION
Early warning: suspected excavation inside no-go zone.
Affected area: 1200.0 m²

[2022-01-03] | Mine 502 | LEVEL 1 | CANDIDATE INTRUSION
Early warning: suspected excavation inside no-go zone.
Affected area: 2400.0 m²

[2022-01-18] | Mine 502 | LEVEL 1 | CANDIDATE INTRUSION
Early warning: suspected excavation inside no-go zone.
Affected area: 7500.0 m²

[2022-01-28] | Mine 502 | LEVEL 1 | CANDIDATE INTRUSION
Early warning: suspected excavation inside no-go zone.
Affected area: 900.0 m²

[2022-02-02] | Mine 502 | LEVEL 1 | CANDIDATE INTRUSION
Early warning: suspected excavation inside no-go zone.
Affected area: 1800.0 m²

[2022-02-07] | Mine 502 | LEVEL 1 | CANDIDATE INTRUSION
Early warning: suspected excavation inside no-go zone.
Affected area: 200.0 m²

[2022-02-12] | Mine 502 | LEVEL 1 | CANDIDATE INTRUSION
Early warning: suspected excavation inside no-go zone.
Affected area: 300.0 m²

[2022-02-22] | Mine 502 | LEVEL 1 | CANDIDATE INTRUSION
Early warning: suspected excavation inside no-go zone.
Affected area: 800.0 m²

[2022-02-27] | Mine 502 | LEVEL 1 | CANDIDATE INTRUSION
Early warning: suspected excavation inside no-go zone.
Affected area: 1100.0 m²

[2022-03-04] | Mine 502 | LEVEL 1 | CANDIDATE INTRUSION
Early warning: suspected excavation inside no-go zone.
Affected area: 400.0 m²

[2022-03-09] | Mine 502 | LEVEL 1 | CANDIDATE INTRUSION
Early warning: suspected excavation inside no-go zone.
Affected area: 100.0 m²

[2022-03-14] | Mine 502 | LEVEL 1 | CANDIDATE INTRUSION
Early warning: suspected excavation inside no-go zone.
Affected area: 600.0 m²

[2022-03-14] | Mine 502 | LEVEL 2 | CONFIRMED VIOLATION
Sustained excavation detected inside no-go zone.
Affected area: 100.0 m²

[2022-03-24] | Mine 502 | LEVEL 1 | CANDIDATE INTRUSION
Early warning: suspected excavation inside no-go zone.
Affected area: 1100.0 m²

[2022-03-24] | Mine 502 | LEVEL 2 | CONFIRMED VIOLATION
Sustained excavation detected inside no-go zone.
Affected area: 900.0 m²

[2022-03-29] | Mine 502 | LEVEL 2 | CONFIRMED VIOLATION
Sustained excavation detected inside no-go zone.
Affected area: 1200.0 m²

[2022-03-29] | Mine 502 | LEVEL 3 | VIOLATION EXPANSION
Sustained expansion of confirmed excavation inside no-go zone.
Added area over last 60 days: 2200.0 m²

[2022-04-03] | Mine 502 | LEVEL 1 | CANDIDATE INTRUSION
Early warning: suspected excavation inside no-go zone.
Affected area: 2100.0 m²

[2022-04-08] | Mine 502 | LEVEL 2 | CONFIRMED VIOLATION
Sustained excavation detected inside no-go zone.
Affected area: 300.0 m²

[2022-04-18] | Mine 502 | LEVEL 1 | CANDIDATE INTRUSION
Early warning: suspected excavation inside no-go zone.
Affected area: 6400.0 m²

[2022-04-23] | Mine 502 | LEVEL 1 | CANDIDATE INTRUSION
Early warning: suspected excavation inside no-go zone.
Affected area: 2300.0 m²

[2022-04-23] | Mine 502 | LEVEL 2 | CONFIRMED VIOLATION
Sustained excavation detected inside no-go zone.
Affected area: 800.0 m²

[2022-04-28] | Mine 502 | LEVEL 1 | CANDIDATE INTRUSION
Early warning: suspected excavation inside no-go zone.
Affected area: 5600.0 m²

[2022-04-28] | Mine 502 | LEVEL 2 | CONFIRMED VIOLATION
Sustained excavation detected inside no-go zone.
Affected area: 1100.0 m²

[2022-05-03] | Mine 502 | LEVEL 1 | CANDIDATE INTRUSION
Early warning: suspected excavation inside no-go zone.
Affected area: 1900.0 m²

[2022-05-03] | Mine 502 | LEVEL 2 | CONFIRMED VIOLATION
Sustained excavation detected inside no-go zone.
Affected area: 400.0 m²

[2022-05-08] | Mine 502 | LEVEL 1 | CANDIDATE INTRUSION
Early warning: suspected excavation inside no-go zone.
Affected area: 300.0 m²

[2022-05-08] | Mine 502 | LEVEL 2 | CONFIRMED VIOLATION
Sustained excavation detected inside no-go zone.
Affected area: 100.0 m²

[2022-05-13] | Mine 502 | LEVEL 2 | CONFIRMED VIOLATION
Sustained excavation detected inside no-go zone.
Affected area: 200.0 m²

[2022-05-18] | Mine 502 | LEVEL 1 | CANDIDATE INTRUSION
Early warning: suspected excavation inside no-go zone.
Affected area: 2600.0 m²

[2022-05-23] | Mine 502 | LEVEL 1 | CANDIDATE INTRUSION
Early warning: suspected excavation inside no-go zone.
Affected area: 6800.0 m²

[2022-05-23] | Mine 502 | LEVEL 2 | CONFIRMED VIOLATION
Sustained excavation detected inside no-go zone.
Affected area: 1100.0 m²

[2022-06-02] | Mine 502 | LEVEL 1 | CANDIDATE INTRUSION
Early warning: suspected excavation inside no-go zone.
Affected area: 2800.0 m²

[2022-06-02] | Mine 502 | LEVEL 2 | CONFIRMED VIOLATION
Sustained excavation detected inside no-go zone.
Affected area: 900.0 m²

[2022-06-07] | Mine 502 | LEVEL 1 | CANDIDATE INTRUSION
Early warning: suspected excavation inside no-go zone.
Affected area: 100.0 m²

[2022-06-12] | Mine 502 | LEVEL 1 | CANDIDATE INTRUSION
Early warning: suspected excavation inside no-go zone.
Affected area: 1100.0 m²

[2022-06-12] | Mine 502 | LEVEL 2 | CONFIRMED VIOLATION
Sustained excavation detected inside no-go zone.
Affected area: 1800.0 m²

[2022-06-17] | Mine 502 | LEVEL 2 | CONFIRMED VIOLATION
Sustained excavation detected inside no-go zone.
Affected area: 800.0 m²

[2022-06-22] | Mine 502 | LEVEL 1 | CANDIDATE INTRUSION
Early warning: suspected excavation inside no-go zone.
Affected area: 8100.0 m²

[2022-06-22] | Mine 502 | LEVEL 2 | CONFIRMED VIOLATION
Sustained excavation detected inside no-go zone.
Affected area: 4200.0 m²

[2022-07-02] | Mine 502 | LEVEL 1 | CANDIDATE INTRUSION
Early warning: suspected excavation inside no-go zone.
Affected area: 3100.0 m²

[2022-07-02] | Mine 502 | LEVEL 2 | CONFIRMED VIOLATION
Sustained excavation detected inside no-go zone.
Affected area: 100.0 m²

[2022-07-12] | Mine 502 | LEVEL 1 | CANDIDATE INTRUSION
Early warning: suspected excavation inside no-go zone.
Affected area: 6800.0 m²

[2022-07-12] | Mine 502 | LEVEL 2 | CONFIRMED VIOLATION
Sustained excavation detected inside no-go zone.
Affected area: 300.0 m²

[2022-07-17] | Mine 502 | LEVEL 1 | CANDIDATE INTRUSION
Early warning: suspected excavation inside no-go zone.
Affected area: 1300.0 m²

[2022-07-17] | Mine 502 | LEVEL 2 | CONFIRMED VIOLATION
Sustained excavation detected inside no-go zone.
Affected area: 300.0 m²

[2022-07-22] | Mine 502 | LEVEL 1 | CANDIDATE INTRUSION
Early warning: suspected excavation inside no-go zone.
Affected area: 1100.0 m²

[2022-07-22] | Mine 502 | LEVEL 2 | CONFIRMED VIOLATION
Sustained excavation detected inside no-go zone.
Affected area: 400.0 m²

[2022-07-27] | Mine 502 | LEVEL 1 | CANDIDATE INTRUSION
Early warning: suspected excavation inside no-go zone.
Affected area: 2200.0 m²

[2022-07-27] | Mine 502 | LEVEL 2 | CONFIRMED VIOLATION
Sustained excavation detected inside no-go zone.
Affected area: 300.0 m²

[2022-08-01] | Mine 502 | LEVEL 1 | CANDIDATE INTRUSION
Early warning: suspected excavation inside no-go zone.
Affected area: 4900.0 m²

[2022-08-06] | Mine 502 | LEVEL 1 | CANDIDATE INTRUSION
Early warning: suspected excavation inside no-go zone.
Affected area: 5000.0 m²

[2022-08-31] | Mine 502 | LEVEL 1 | CANDIDATE INTRUSION
Early warning: suspected excavation inside no-go zone.
Affected area: 2600.0 m²

[2022-09-30] | Mine 502 | LEVEL 1 | CANDIDATE INTRUSION
Early warning: suspected excavation inside no-go zone.
Affected area: 1500.0 m²

[2022-10-10] | Mine 502 | LEVEL 1 | CANDIDATE INTRUSION
Early warning: suspected excavation inside no-go zone.
Affected area: 400.0 m²

[2022-10-15] | Mine 502 | LEVEL 1 | CANDIDATE INTRUSION
Early warning: suspected excavation inside no-go zone.
Affected area: 900.0 m²

[2022-10-20] | Mine 502 | LEVEL 1 | CANDIDATE INTRUSION
Early warning: suspected excavation inside no-go zone.
Affected area: 300.0 m²

[2022-11-04] | Mine 502 | LEVEL 1 | CANDIDATE INTRUSION
Early warning: suspected excavation inside no-go zone.
Affected area: 100.0 m²

[2022-11-09] | Mine 502 | LEVEL 1 | CANDIDATE INTRUSION
Early warning: suspected excavation inside no-go zone.
Affected area: 1500.0 m²

[2022-11-14] | Mine 502 | LEVEL 1 | CANDIDATE INTRUSION
Early warning: suspected excavation inside no-go zone.
Affected area: 200.0 m²

[2022-11-19] | Mine 502 | LEVEL 1 | CANDIDATE INTRUSION
Early warning: suspected excavation inside no-go zone.
Affected area: 1400.0 m²

[2022-11-19] | Mine 502 | LEVEL 2 | CONFIRMED VIOLATION
Sustained excavation detected inside no-go zone.
Affected area: 100.0 m²

[2022-11-24] | Mine 502 | LEVEL 1 | CANDIDATE INTRUSION
Early warning: suspected excavation inside no-go zone.
Affected area: 100.0 m²

[2022-11-29] | Mine 502 | LEVEL 1 | CANDIDATE INTRUSION
Early warning: suspected excavation inside no-go zone.
Affected area: 1300.0 m²

[2022-12-04] | Mine 502 | LEVEL 1 | CANDIDATE INTRUSION
Early warning: suspected excavation inside no-go zone.
Affected area: 500.0 m²

[2022-12-04] | Mine 502 | LEVEL 2 | CONFIRMED VIOLATION
Sustained excavation detected inside no-go zone.
Affected area: 800.0 m²

[2022-12-09] | Mine 502 | LEVEL 1 | CANDIDATE INTRUSION
Early warning: suspected excavation inside no-go zone.
Affected area: 200.0 m²

[2022-12-14] | Mine 502 | LEVEL 2 | CONFIRMED VIOLATION
Sustained excavation detected inside no-go zone.
Affected area: 300.0 m²

[2022-12-19] | Mine 502 | LEVEL 1 | CANDIDATE INTRUSION
Early warning: suspected excavation inside no-go zone.
Affected area: 400.0 m²

[2022-12-24] | Mine 502 | LEVEL 1 | CANDIDATE INTRUSION
Early warning: suspected excavation inside no-go zone.
Affected area: 200.0 m²

[2022-12-29] | Mine 502 | LEVEL 1 | CANDIDATE INTRUSION
Early warning: suspected excavation inside no-go zone.
Affected area: 300.0 m²

[2022-12-29] | Mine 502 | LEVEL 2 | CONFIRMED VIOLATION
Sustained excavation detected inside no-go zone.
Affected area: 100.0 m²

[2023-01-03] | Mine 502 | LEVEL 2 | CONFIRMED VIOLATION
Sustained excavation detected inside no-go zone.
Affected area: 1100.0 m²

[2023-01-03] | Mine 502 | LEVEL 3 | VIOLATION EXPANSION
Sustained expansion of confirmed excavation inside no-go zone.
Added area over last 60 days: 2400.0 m²

[2023-01-08] | Mine 502 | LEVEL 1 | CANDIDATE INTRUSION
Early warning: suspected excavation inside no-go zone.
Affected area: 600.0 m²

[2023-01-08] | Mine 502 | LEVEL 2 | CONFIRMED VIOLATION
Sustained excavation detected inside no-go zone.
Affected area: 200.0 m²

[2023-01-13] | Mine 502 | LEVEL 2 | CONFIRMED VIOLATION
Sustained excavation detected inside no-go zone.
Affected area: 1200.0 m²

[2023-01-18] | Mine 502 | LEVEL 1 | CANDIDATE INTRUSION
Early warning: suspected excavation inside no-go zone.
Affected area: 100.0 m²

[2023-01-18] | Mine 502 | LEVEL 2 | CONFIRMED VIOLATION
Sustained excavation detected inside no-go zone.
Affected area: 100.0 m²

[2023-01-23] | Mine 502 | LEVEL 1 | CANDIDATE INTRUSION
Early warning: suspected excavation inside no-go zone.
Affected area: 200.0 m²

[2023-01-23] | Mine 502 | LEVEL 2 | CONFIRMED VIOLATION
Sustained excavation detected inside no-go zone.
Affected area: 1300.0 m²

[2023-01-28] | Mine 502 | LEVEL 1 | CANDIDATE INTRUSION
Early warning: suspected excavation inside no-go zone.
Affected area: 300.0 m²

[2023-01-28] | Mine 502 | LEVEL 2 | CONFIRMED VIOLATION
Sustained excavation detected inside no-go zone.
Affected area: 500.0 m²

[2023-02-02] | Mine 502 | LEVEL 1 | CANDIDATE INTRUSION
Early warning: suspected excavation inside no-go zone.
Affected area: 200.0 m²

[2023-02-02] | Mine 502 | LEVEL 2 | CONFIRMED VIOLATION
Sustained excavation detected inside no-go zone.
Affected area: 200.0 m²

[2023-02-07] | Mine 502 | LEVEL 1 | CANDIDATE INTRUSION
Early warning: suspected excavation inside no-go zone.
Affected area: 100.0 m²

[2023-02-17] | Mine 502 | LEVEL 1 | CANDIDATE INTRUSION
Early warning: suspected excavation inside no-go zone.
Affected area: 800.0 m²

[2023-02-22] | Mine 502 | LEVEL 1 | CANDIDATE INTRUSION
Early warning: suspected excavation inside no-go zone.
Affected area: 100.0 m²

[2023-03-04] | Mine 502 | LEVEL 1 | CANDIDATE INTRUSION
Early warning: suspected excavation inside no-go zone.
Affected area: 400.0 m²

[2023-03-04] | Mine 502 | LEVEL 2 | CONFIRMED VIOLATION
Sustained excavation detected inside no-go zone.
Affected area: 500.0 m²

[2023-03-19] | Mine 502 | LEVEL 1 | CANDIDATE INTRUSION
Early warning: suspected excavation inside no-go zone.
Affected area: 2400.0 m²

[2023-03-24] | Mine 502 | LEVEL 1 | CANDIDATE INTRUSION
Early warning: suspected excavation inside no-go zone.
Affected area: 400.0 m²

[2023-03-29] | Mine 502 | LEVEL 1 | CANDIDATE INTRUSION
Early warning: suspected excavation inside no-go zone.
Affected area: 300.0 m²

[2023-04-13] | Mine 502 | LEVEL 1 | CANDIDATE INTRUSION
Early warning: suspected excavation inside no-go zone.
Affected area: 3700.0 m²

[2023-04-18] | Mine 502 | LEVEL 1 | CANDIDATE INTRUSION
Early warning: suspected excavation inside no-go zone.
Affected area: 100.0 m²

[2023-04-23] | Mine 502 | LEVEL 2 | CONFIRMED VIOLATION
Sustained excavation detected inside no-go zone.
Affected area: 300.0 m²

[2023-05-13] | Mine 502 | LEVEL 1 | CANDIDATE INTRUSION
Early warning: suspected excavation inside no-go zone.
Affected area: 3600.0 m²

[2023-05-13] | Mine 502 | LEVEL 2 | CONFIRMED VIOLATION
Sustained excavation detected inside no-go zone.
Affected area: 100.0 m²

[2023-05-18] | Mine 502 | LEVEL 1 | CANDIDATE INTRUSION
Early warning: suspected excavation inside no-go zone.
Affected area: 100.0 m²

[2023-05-23] | Mine 502 | LEVEL 1 | CANDIDATE INTRUSION
Early warning: suspected excavation inside no-go zone.
Affected area: 300.0 m²

[2023-05-28] | Mine 502 | LEVEL 1 | CANDIDATE INTRUSION
Early warning: suspected excavation inside no-go zone.
Affected area: 3200.0 m²

[2023-05-28] | Mine 502 | LEVEL 2 | CONFIRMED VIOLATION
Sustained excavation detected inside no-go zone.
Affected area: 100.0 m²

[2023-06-07] | Mine 502 | LEVEL 2 | CONFIRMED VIOLATION
Sustained excavation detected inside no-go zone.
Affected area: 800.0 m²

[2023-06-12] | Mine 502 | LEVEL 2 | CONFIRMED VIOLATION
Sustained excavation detected inside no-go zone.
Affected area: 400.0 m²

[2023-06-17] | Mine 502 | LEVEL 2 | CONFIRMED VIOLATION
Sustained excavation detected inside no-go zone.
Affected area: 200.0 m²

[2023-06-27] | Mine 502 | LEVEL 1 | CANDIDATE INTRUSION
Early warning: suspected excavation inside no-go zone.
Affected area: 1200.0 m²

[2023-07-22] | Mine 502 | LEVEL 1 | CANDIDATE INTRUSION
Early warning: suspected excavation inside no-go zone.
Affected area: 2200.0 m²

[2023-08-11] | Mine 502 | LEVEL 1 | CANDIDATE INTRUSION
Early warning: suspected excavation inside no-go zone.
Affected area: 900.0 m²

[2023-08-16] | Mine 502 | LEVEL 1 | CANDIDATE INTRUSION
Early warning: suspected excavation inside no-go zone.
Affected area: 900.0 m²

[2023-08-26] | Mine 502 | LEVEL 1 | CANDIDATE INTRUSION
Early warning: suspected excavation inside no-go zone.
Affected area: 1600.0 m²

[2023-08-31] | Mine 502 | LEVEL 1 | CANDIDATE INTRUSION
Early warning: suspected excavation inside no-go zone.
Affected area: 400.0 m²

[2023-09-30] | Mine 502 | LEVEL 1 | CANDIDATE INTRUSION
Early warning: suspected excavation inside no-go zone.
Affected area: 1600.0 m²

[2023-10-10] | Mine 502 | LEVEL 1 | CANDIDATE INTRUSION
Early warning: suspected excavation inside no-go zone.
Affected area: 1800.0 m²

[2023-11-04] | Mine 502 | LEVEL 1 | CANDIDATE INTRUSION
Early warning: suspected excavation inside no-go zone.
Affected area: 1800.0 m²

[2023-11-24] | Mine 502 | LEVEL 2 | CONFIRMED VIOLATION
Sustained excavation detected inside no-go zone.
Affected area: 100.0 m²

[2023-12-04] | Mine 502 | LEVEL 1 | CANDIDATE INTRUSION
Early warning: suspected excavation inside no-go zone.
Affected area: 1600.0 m²

[2023-12-14] | Mine 502 | LEVEL 1 | CANDIDATE INTRUSION
Early warning: suspected excavation inside no-go zone.
Affected area: 1700.0 m²

[2024-01-13] | Mine 502 | LEVEL 1 | CANDIDATE INTRUSION
Early warning: suspected excavation inside no-go zone.
Affected area: 1700.0 m²

[2024-01-23] | Mine 502 | LEVEL 1 | CANDIDATE INTRUSION
Early warning: suspected excavation inside no-go zone.
Affected area: 1700.0 m²

[2024-02-02] | Mine 502 | LEVEL 1 | CANDIDATE INTRUSION
Early warning: suspected excavation inside no-go zone.
Affected area: 1700.0 m²

[2024-02-17] | Mine 502 | LEVEL 1 | CANDIDATE INTRUSION
Early warning: suspected excavation inside no-go zone.
Affected area: 1700.0 m²

[2024-03-08] | Mine 502 | LEVEL 1 | CANDIDATE INTRUSION
Early warning: suspected excavation inside no-go zone.
Affected area: 1400.0 m²

[2024-04-02] | Mine 502 | LEVEL 1 | CANDIDATE INTRUSION
Early warning: suspected excavation inside no-go zone.
Affected area: 1700.0 m²

[2024-04-17] | Mine 502 | LEVEL 1 | CANDIDATE INTRUSION
Early warning: suspected excavation inside no-go zone.
Affected area: 1800.0 m²

[2024-05-02] | Mine 502 | LEVEL 1 | CANDIDATE INTRUSION
Early warning: suspected excavation inside no-go zone.
Affected area: 2000.0 m²

[2024-05-22] | Mine 502 | LEVEL 1 | CANDIDATE INTRUSION
Early warning: suspected excavation inside no-go zone.
Affected area: 2100.0 m²

[2024-06-16] | Mine 502 | LEVEL 1 | CANDIDATE INTRUSION
Early warning: suspected excavation inside no-go zone.
Affected area: 2100.0 m²

[2024-07-26] | Mine 502 | LEVEL 1 | CANDIDATE INTRUSION
Early warning: suspected excavation inside no-go zone.
Affected area: 500.0 m²

[2024-09-19] | Mine 502 | LEVEL 1 | CANDIDATE INTRUSION
Early warning: suspected excavation inside no-go zone.
Affected area: 100.0 m²

[2024-10-04] | Mine 502 | LEVEL 1 | CANDIDATE INTRUSION
Early warning: suspected excavation inside no-go zone.
Affected area: 300.0 m²

[2024-10-09] | Mine 502 | LEVEL 1 | CANDIDATE INTRUSION
Early warning: suspected excavation inside no-go zone.
Affected area: 500.0 m²

[2024-10-19] | Mine 502 | LEVEL 1 | CANDIDATE INTRUSION
Early warning: suspected excavation inside no-go zone.
Affected area: 800.0 m²

[2024-10-24] | Mine 502 | LEVEL 1 | CANDIDATE INTRUSION
Early warning: suspected excavation inside no-go zone.
Affected area: 400.0 m²

[2024-10-29] | Mine 502 | LEVEL 1 | CANDIDATE INTRUSION
Early warning: suspected excavation inside no-go zone.
Affected area: 100.0 m²

[2024-11-08] | Mine 502 | LEVEL 1 | CANDIDATE INTRUSION
Early warning: suspected excavation inside no-go zone.
Affected area: 100.0 m²

[2024-12-03] | Mine 502 | LEVEL 1 | CANDIDATE INTRUSION
Early warning: suspected excavation inside no-go zone.
Affected area: 300.0 m²

[2024-12-03] | Mine 502 | LEVEL 2 | CONFIRMED VIOLATION
Sustained excavation detected inside no-go zone.
Affected area: 100.0 m²

[2024-12-13] | Mine 502 | LEVEL 1 | CANDIDATE INTRUSION
Early warning: suspected excavation inside no-go zone.
Affected area: 1200.0 m²

[2024-12-18] | Mine 502 | LEVEL 1 | CANDIDATE INTRUSION
Early warning: suspected excavation inside no-go zone.
Affected area: 400.0 m²

[2025-01-02] | Mine 502 | LEVEL 1 | CANDIDATE INTRUSION
Early warning: suspected excavation inside no-go zone.
Affected area: 600.0 m²

[2025-01-17] | Mine 502 | LEVEL 1 | CANDIDATE INTRUSION
Early warning: suspected excavation inside no-go zone.
Affected area: 1000.0 m²

[2025-01-27] | Mine 502 | LEVEL 1 | CANDIDATE INTRUSION
Early warning: suspected excavation inside no-go zone.
Affected area: 300.0 m²

[2025-02-01] | Mine 502 | LEVEL 1 | CANDIDATE INTRUSION
Early warning: suspected excavation inside no-go zone.
Affected area: 300.0 m²

[2025-02-16] | Mine 502 | LEVEL 2 | CONFIRMED VIOLATION
Sustained excavation detected inside no-go zone.
Affected area: 100.0 m²

[2025-03-03] | Mine 502 | LEVEL 1 | CANDIDATE INTRUSION
Early warning: suspected excavation inside no-go zone.
Affected area: 1900.0 m²

[2025-03-18] | Mine 502 | LEVEL 2 | CONFIRMED VIOLATION
Sustained excavation detected inside no-go zone.
Affected area: 700.0 m²

[2025-03-28] | Mine 502 | LEVEL 2 | CONFIRMED VIOLATION
Sustained excavation detected inside no-go zone.
Affected area: 300.0 m²

[2025-04-04] | Mine 502 | LEVEL 1 | CANDIDATE INTRUSION
Early warning: suspected excavation inside no-go zone.
Affected area: 900.0 m²

[2025-04-07] | Mine 502 | LEVEL 2 | CONFIRMED VIOLATION
Sustained excavation detected inside no-go zone.
Affected area: 100.0 m²

[2025-05-02] | Mine 502 | LEVEL 2 | CONFIRMED VIOLATION
Sustained excavation detected inside no-go zone.
Affected area: 600.0 m²

[2025-05-17] | Mine 502 | LEVEL 1 | CANDIDATE INTRUSION
Early warning: suspected excavation inside no-go zone.
Affected area: 200.0 m²

[2025-06-06] | Mine 502 | LEVEL 1 | CANDIDATE INTRUSION
Early warning: suspected excavation inside no-go zone.
Affected area: 200.0 m²

[2025-07-21] | Mine 502 | LEVEL 1 | CANDIDATE INTRUSION
Early warning: suspected excavation inside no-go zone.
Affected area: 200.0 m²

[2025-08-20] | Mine 502 | LEVEL 1 | CANDIDATE INTRUSION
Early warning: suspected excavation inside no-go zone.
Affected area: 200.0 m²

[2025-09-24] | Mine 502 | LEVEL 1 | CANDIDATE INTRUSION
Early warning: suspected excavation inside no-go zone.
Affected area: 200.0 m²

[2025-10-14] | Mine 502 | LEVEL 1 | CANDIDATE INTRUSION
Early warning: suspected excavation inside no-go zone.
Affected area: 200.0 m²

[2025-11-08] | Mine 502 | LEVEL 1 | CANDIDATE INTRUSION
Early warning: suspected excavation inside no-go zone.
Affected area: 200.0 m²

[2025-12-03] | Mine 502 | LEVEL 1 | CANDIDATE INTRUSION
Early warning: suspected excavation inside no-go zone.
Affected area: 200.0 m²

[2025-12-28] | Mine 502 | LEVEL 1 | CANDIDATE INTRUSION
Early warning: suspected excavation inside no-go zone.
Affected area: 200.0 m²

