# Monitoring run started: 2026-04-10 15:33:24.429803
[2017-04-24] | Mine 0 | LEVEL 1 | CANDIDATE INTRUSION
Early warning: suspected excavation inside no-go zone.
Affected area: 2700.0 m²

[2017-06-03] | Mine 0 | LEVEL 2 | CONFIRMED VIOLATION
Sustained excavation detected inside no-go zone.
Affected area: 2100.0 m²

[2017-06-03] | Mine 0 | LEVEL 3 | VIOLATION EXPANSION
Sustained expansion of confirmed excavation inside no-go zone.
Added area over last 60 days: 2100.0 m²

[2019-06-13] | Mine 0 | LEVEL 1 | CANDIDATE INTRUSION
Early warning: suspected excavation inside no-go zone.
Affected area: 400.0 m²

[2019-06-28] | Mine 0 | LEVEL 1 | CANDIDATE INTRUSION
Early warning: suspected excavation inside no-go zone.
Affected area: 1000.0 m²

[2019-08-02] | Mine 0 | LEVEL 1 | CANDIDATE INTRUSION
Early warning: suspected excavation inside no-go zone.
Affected area: 900.0 m²

[2021-06-27] | Mine 0 | LEVEL 1 | CANDIDATE INTRUSION
Early warning: suspected excavation inside no-go zone.
Affected area: 200.0 m²

[2024-01-18] | Mine 0 | LEVEL 1 | CANDIDATE INTRUSION
Early warning: suspected excavation inside no-go zone.
Affected area: 1400.0 m²

