# Monitoring run started: 2026-01-24 02:51:59.850980
[2017-02-10] | Mine 226 | LEVEL 1 | CANDIDATE INTRUSION
Early warning: suspected excavation inside no-go zone.
Affected area: 1100.0 m²

[2017-03-02] | Mine 226 | LEVEL 1 | CANDIDATE INTRUSION
Early warning: suspected excavation inside no-go zone.
Affected area: 500.0 m²

[2017-03-02] | Mine 226 | LEVEL 2 | CONFIRMED VIOLATION
Sustained excavation detected inside no-go zone.
Affected area: 900.0 m²

[2017-03-22] | Mine 226 | LEVEL 1 | CANDIDATE INTRUSION
Early warning: suspected excavation inside no-go zone.
Affected area: 1200.0 m²

[2017-12-22] | Mine 226 | LEVEL 1 | CANDIDATE INTRUSION
Early warning: suspected excavation inside no-go zone.
Affected area: 200.0 m²

[2017-12-22] | Mine 226 | LEVEL 2 | CONFIRMED VIOLATION
Sustained excavation detected inside no-go zone.
Affected area: 1400.0 m²

[2017-12-27] | Mine 226 | LEVEL 1 | CANDIDATE INTRUSION
Early warning: suspected excavation inside no-go zone.
Affected area: 100.0 m²

[2018-03-07] | Mine 226 | LEVEL 1 | CANDIDATE INTRUSION
Early warning: suspected excavation inside no-go zone.
Affected area: 900.0 m²

[2018-03-12] | Mine 226 | LEVEL 1 | CANDIDATE INTRUSION
Early warning: suspected excavation inside no-go zone.
Affected area: 400.0 m²

[2018-03-27] | Mine 226 | LEVEL 1 | CANDIDATE INTRUSION
Early warning: suspected excavation inside no-go zone.
Affected area: 100.0 m²

[2018-04-21] | Mine 226 | LEVEL 1 | CANDIDATE INTRUSION
Early warning: suspected excavation inside no-go zone.
Affected area: 700.0 m²

[2018-04-21] | Mine 226 | LEVEL 2 | CONFIRMED VIOLATION
Sustained excavation detected inside no-go zone.
Affected area: 800.0 m²

[2019-04-06] | Mine 226 | LEVEL 1 | CANDIDATE INTRUSION
Early warning: suspected excavation inside no-go zone.
Affected area: 200.0 m²

[2019-04-21] | Mine 226 | LEVEL 1 | CANDIDATE INTRUSION
Early warning: suspected excavation inside no-go zone.
Affected area: 200.0 m²

[2019-05-11] | Mine 226 | LEVEL 1 | CANDIDATE INTRUSION
Early warning: suspected excavation inside no-go zone.
Affected area: 200.0 m²

[2019-05-26] | Mine 226 | LEVEL 1 | CANDIDATE INTRUSION
Early warning: suspected excavation inside no-go zone.
Affected area: 200.0 m²

[2019-05-31] | Mine 226 | LEVEL 1 | CANDIDATE INTRUSION
Early warning: suspected excavation inside no-go zone.
Affected area: 200.0 m²

[2019-06-10] | Mine 226 | LEVEL 1 | CANDIDATE INTRUSION
Early warning: suspected excavation inside no-go zone.
Affected area: 500.0 m²

[2019-06-10] | Mine 226 | LEVEL 2 | CONFIRMED VIOLATION
Sustained excavation detected inside no-go zone.
Affected area: 200.0 m²

[2019-06-20] | Mine 226 | LEVEL 1 | CANDIDATE INTRUSION
Early warning: suspected excavation inside no-go zone.
Affected area: 500.0 m²

[2019-07-20] | Mine 226 | LEVEL 1 | CANDIDATE INTRUSION
Early warning: suspected excavation inside no-go zone.
Affected area: 600.0 m²

[2020-04-25] | Mine 226 | LEVEL 1 | CANDIDATE INTRUSION
Early warning: suspected excavation inside no-go zone.
Affected area: 400.0 m²

[2020-05-15] | Mine 226 | LEVEL 1 | CANDIDATE INTRUSION
Early warning: suspected excavation inside no-go zone.
Affected area: 200.0 m²

[2020-06-09] | Mine 226 | LEVEL 1 | CANDIDATE INTRUSION
Early warning: suspected excavation inside no-go zone.
Affected area: 200.0 m²

[2020-06-29] | Mine 226 | LEVEL 1 | CANDIDATE INTRUSION
Early warning: suspected excavation inside no-go zone.
Affected area: 200.0 m²

[2021-03-26] | Mine 226 | LEVEL 1 | CANDIDATE INTRUSION
Early warning: suspected excavation inside no-go zone.
Affected area: 200.0 m²

[2021-04-05] | Mine 226 | LEVEL 1 | CANDIDATE INTRUSION
Early warning: suspected excavation inside no-go zone.
Affected area: 300.0 m²

[2021-04-20] | Mine 226 | LEVEL 1 | CANDIDATE INTRUSION
Early warning: suspected excavation inside no-go zone.
Affected area: 300.0 m²

[2021-04-25] | Mine 226 | LEVEL 1 | CANDIDATE INTRUSION
Early warning: suspected excavation inside no-go zone.
Affected area: 700.0 m²

[2021-05-15] | Mine 226 | LEVEL 1 | CANDIDATE INTRUSION
Early warning: suspected excavation inside no-go zone.
Affected area: 1000.0 m²

[2021-05-30] | Mine 226 | LEVEL 1 | CANDIDATE INTRUSION
Early warning: suspected excavation inside no-go zone.
Affected area: 1000.0 m²

[2021-08-08] | Mine 226 | LEVEL 1 | CANDIDATE INTRUSION
Early warning: suspected excavation inside no-go zone.
Affected area: 1000.0 m²

[2021-08-28] | Mine 226 | LEVEL 1 | CANDIDATE INTRUSION
Early warning: suspected excavation inside no-go zone.
Affected area: 800.0 m²

[2021-09-02] | Mine 226 | LEVEL 1 | CANDIDATE INTRUSION
Early warning: suspected excavation inside no-go zone.
Affected area: 200.0 m²

[2021-10-02] | Mine 226 | LEVEL 1 | CANDIDATE INTRUSION
Early warning: suspected excavation inside no-go zone.
Affected area: 1000.0 m²

[2021-10-12] | Mine 226 | LEVEL 1 | CANDIDATE INTRUSION
Early warning: suspected excavation inside no-go zone.
Affected area: 400.0 m²

[2021-10-22] | Mine 226 | LEVEL 1 | CANDIDATE INTRUSION
Early warning: suspected excavation inside no-go zone.
Affected area: 200.0 m²

[2021-11-01] | Mine 226 | LEVEL 1 | CANDIDATE INTRUSION
Early warning: suspected excavation inside no-go zone.
Affected area: 200.0 m²

[2021-11-16] | Mine 226 | LEVEL 1 | CANDIDATE INTRUSION
Early warning: suspected excavation inside no-go zone.
Affected area: 300.0 m²

[2021-12-01] | Mine 226 | LEVEL 1 | CANDIDATE INTRUSION
Early warning: suspected excavation inside no-go zone.
Affected area: 200.0 m²

[2022-01-05] | Mine 226 | LEVEL 1 | CANDIDATE INTRUSION
Early warning: suspected excavation inside no-go zone.
Affected area: 200.0 m²

[2022-01-15] | Mine 226 | LEVEL 1 | CANDIDATE INTRUSION
Early warning: suspected excavation inside no-go zone.
Affected area: 1000.0 m²

[2022-02-09] | Mine 226 | LEVEL 1 | CANDIDATE INTRUSION
Early warning: suspected excavation inside no-go zone.
Affected area: 200.0 m²

[2022-02-24] | Mine 226 | LEVEL 1 | CANDIDATE INTRUSION
Early warning: suspected excavation inside no-go zone.
Affected area: 200.0 m²

[2022-03-11] | Mine 226 | LEVEL 1 | CANDIDATE INTRUSION
Early warning: suspected excavation inside no-go zone.
Affected area: 200.0 m²

[2022-03-26] | Mine 226 | LEVEL 1 | CANDIDATE INTRUSION
Early warning: suspected excavation inside no-go zone.
Affected area: 200.0 m²

[2022-03-31] | Mine 226 | LEVEL 1 | CANDIDATE INTRUSION
Early warning: suspected excavation inside no-go zone.
Affected area: 300.0 m²

[2022-04-10] | Mine 226 | LEVEL 1 | CANDIDATE INTRUSION
Early warning: suspected excavation inside no-go zone.
Affected area: 200.0 m²

[2022-04-15] | Mine 226 | LEVEL 1 | CANDIDATE INTRUSION
Early warning: suspected excavation inside no-go zone.
Affected area: 200.0 m²

[2022-04-20] | Mine 226 | LEVEL 1 | CANDIDATE INTRUSION
Early warning: suspected excavation inside no-go zone.
Affected area: 600.0 m²

[2022-04-30] | Mine 226 | LEVEL 1 | CANDIDATE INTRUSION
Early warning: suspected excavation inside no-go zone.
Affected area: 300.0 m²

[2022-05-10] | Mine 226 | LEVEL 1 | CANDIDATE INTRUSION
Early warning: suspected excavation inside no-go zone.
Affected area: 200.0 m²

[2022-06-04] | Mine 226 | LEVEL 1 | CANDIDATE INTRUSION
Early warning: suspected excavation inside no-go zone.
Affected area: 700.0 m²

[2022-06-04] | Mine 226 | LEVEL 2 | CONFIRMED VIOLATION
Sustained excavation detected inside no-go zone.
Affected area: 300.0 m²

[2022-06-09] | Mine 226 | LEVEL 1 | CANDIDATE INTRUSION
Early warning: suspected excavation inside no-go zone.
Affected area: 400.0 m²

[2022-06-24] | Mine 226 | LEVEL 1 | CANDIDATE INTRUSION
Early warning: suspected excavation inside no-go zone.
Affected area: 400.0 m²

[2023-05-15] | Mine 226 | LEVEL 1 | CANDIDATE INTRUSION
Early warning: suspected excavation inside no-go zone.
Affected area: 100.0 m²

[2023-05-20] | Mine 226 | LEVEL 1 | CANDIDATE INTRUSION
Early warning: suspected excavation inside no-go zone.
Affected area: 100.0 m²

[2023-06-04] | Mine 226 | LEVEL 1 | CANDIDATE INTRUSION
Early warning: suspected excavation inside no-go zone.
Affected area: 800.0 m²

[2023-07-04] | Mine 226 | LEVEL 1 | CANDIDATE INTRUSION
Early warning: suspected excavation inside no-go zone.
Affected area: 200.0 m²

[2023-08-13] | Mine 226 | LEVEL 1 | CANDIDATE INTRUSION
Early warning: suspected excavation inside no-go zone.
Affected area: 200.0 m²

